<?xml version="1.0" encoding="UTF-8"?>
<testsuite name="TestSuite" time="32.799" tests="3" errors="0" skipped="0" failures="1">
  <properties>
[...]
</properties>
  <testcase name="verifyFundComparisonRetailProducts" classname="com.vangaurd.tests.FundCompareTests" time="32.799">
    <failure message="expected [false] but found [true]" type="java.lang.AssertionError">java.lang.AssertionError: expected [false] but found [true]
	at org.testng.Assert.fail(Assert.java:93)
	at org.testng.Assert.failNotEquals(Assert.java:512)
	at org.testng.Assert.assertEqualsImpl(Assert.java:134)
	at org.testng.Assert.assertEquals(Assert.java:115)
	at org.testng.Assert.assertEquals(Assert.java:304)
	at org.testng.Assert.assertEquals(Assert.java:314)
	at com.basic.uiframework.HybridDriver.infoToReportWithBoolean(HybridDriver.java:360)
	at com.vangaurd.tests.FundCompareTests.verifyFundComparisonRetailProducts(FundCompareTests.java:159)
</failure>
    <system-out><![CDATA[C:\Users\LENOVO-PC\Workspace2\VGProductCompare_Automation
2019-05-15 03:49:27 INFO  HybridDriver:723 - verifyFundComparisonRetailProducts: Completed
2019-05-15 03:49:27 INFO  HybridDriver:674 - Launching Chrome Browser...,
2019-05-15 03:49:37 INFO  HybridDriver:288 - URL Launch Successfull: https://www.vanguardinvestments.com.au/au/portal/homepage.jsp
2019-05-15 03:49:38 INFO  HybridDriver:210 - Wait for the Page ( Low-cost managed funds and ETFs) to Load  -  Successfull
2019-05-15 03:49:42 INFO  HybridDriver:256 - Element Get Text : Individual & SMSF investors : : Successful
2019-05-15 03:49:43 INFO  HybridDriver:210 - Wait for the Page ( Low-cost managed funds | ETFs) to Load  -  Successfull
2019-05-15 03:49:44 INFO  HybridDriver:256 - Element Get Text : Fund compare : : Successful
2019-05-15 03:49:45 INFO  HybridDriver:210 - Wait for the Page ( Low-cost managed funds | ETFs) to Load  -  Successfull
2019-05-15 03:49:47 INFO  HybridDriver:304 - Switch to Next Tab - - Success 
2019-05-15 03:49:48 INFO  HybridDriver:210 - Wait for the Page ( ) to Load  -  Successfull
2019-05-15 03:49:48 INFO  HybridDriver:196 - Click on Element  -  Successfull
2019-05-15 03:49:49 INFO  HybridDriver:210 - Wait for the Page ( ) to Load  -  Successfull
2019-05-15 03:49:51 INFO  HybridDriver:210 - Wait for the Page ( ) to Load  -  Successfull
2019-05-15 03:49:52 INFO  HybridDriver:210 - Wait for the Page ( ) to Load  -  Successfull
2019-05-15 03:49:52 INFO  HybridDriver:164 - Click on Element  -  Successfull
2019-05-15 03:49:53 INFO  HybridDriver:210 - Wait for the Page ( ) to Load  -  Successfull
2019-05-15 03:49:54 INFO  HybridDriver:164 - Click on Element  -  Successfull
2019-05-15 03:49:55 INFO  HybridDriver:210 - Wait for the Page ( ) to Load  -  Successfull
2019-05-15 03:49:55 INFO  HybridDriver:164 - Click on Element  -  Successfull
2019-05-15 03:49:56 INFO  HybridDriver:210 - Wait for the Page ( ) to Load  -  Successfull
2019-05-15 03:49:57 INFO  HybridDriver:164 - Click on Element  -  Successfull
2019-05-15 03:49:58 INFO  HybridDriver:210 - Wait for the Page ( ) to Load  -  Successfull
2019-05-15 03:49:58 INFO  HybridDriver:196 - Click on Element  -  Successfull
-------------------------------195
2019-05-15 03:50:04 INFO  HybridDriver:356 - Message - > Entity comparison result is :true
 : Actual Entities ->[Product name, Identifier, ISIN, Morningstar category, Benchmark, Management costs, Minimum investment, Fund size, Unit class size, Fund/ class size date, Total fund holdings, Total fund holdings date, Inception date, 12 month yield, 12 month yield date, Portfolio turnover rate, Portfolio turnover ratio date]: Comparison Entities -> Identifier
2019-05-15 03:50:04 INFO  HybridDriver:356 - Message - > productResult1  is : true
 : Actual Product 1 ->[Vanguard High Yield Australian Shares Fund, VAN0017AU, AU60VAN00170, Equity Australia Large Blend, FTSE Australia High Dividend Yld TR AUD, 0.90%, $5,000, $1.1 billion, $132.3 million, 31-March-2019, 58, 31-March-2019, 15-July-2004, 7.65%, 30-April-2019, 48.96%, 30-June-2017]: Comparison Product 1  -> VAN0017AU
2019-05-15 03:50:04 INFO  HybridDriver:359 - Failed in Info Assertion - - - > productResult2  is : false
 : Actual Product 2->[Vanguard Index Australian Property Securities Fund, VAN0012AU, AU60VAN00121, Equity Australia Real Estate, S&P/ASX 300 A-REIT TR, 0.90%, $5,000, $4.2 billion, $119.2 million, 31-March-2019, 31, 31-March-2019, 26-October-1998, 2.06%, 30-April-2019, 5.47%, 30-June-2017]: Comparison Product 2 -> xxxxxxxxxxx
]]></system-out>
    <system-err><![CDATA[log4j:WARN No such property [maxBackupIndex] in org.apache.log4j.FileAppender.
log4j:WARN No such property [maxFileSize] in org.apache.log4j.FileAppender.
SLF4J: Failed to load class "org.slf4j.impl.StaticLoggerBinder".
SLF4J: Defaulting to no-operation (NOP) logger implementation
SLF4J: See http://www.slf4j.org/codes.html#StaticLoggerBinder for further details.
Starting ChromeDriver 73.0.3683.68 (47787ec04b6e38e22703e856e101e840b65afe72) on port 2494
Only local connections are allowed.
Please protect ports used by ChromeDriver and related test frameworks to prevent access by malicious code.
May 15, 2019 3:49:30 AM org.openqa.selenium.remote.ProtocolHandshake createSession
INFO: Detected dialect: OSS
]]></system-err>
  </testcase>
  <testcase name="verifyFundComparisonRetailProducts" classname="com.vangaurd.tests.FundCompareTests" time="26.89"/>
  <testcase name="verifyFundComparisonRetailProducts" classname="com.vangaurd.tests.FundCompareTests" time="26.633"/>
</testsuite>