<?xml version="1.0" encoding="UTF-8"?>
<testng-results skipped="0" failed="1" ignored="0" total="3" passed="2">
  <reporter-output>
  </reporter-output>
  <suite name="Suite" duration-ms="106201" started-at="2019-05-14T17:58:17Z" finished-at="2019-05-14T18:00:03Z">
    <groups>
    </groups>
    <test name="Test" duration-ms="106201" started-at="2019-05-14T17:58:17Z" finished-at="2019-05-14T18:00:03Z">
      <class name="com.vangaurd.tests.FundCompareTests">
        <test-method status="PASS" signature="initializeTestBaseSetup()[pri:0, instance:com.vangaurd.tests.FundCompareTests@7791a895]" name="initializeTestBaseSetup" is-config="true" duration-ms="7" started-at="2019-05-15T03:58:17Z" finished-at="2019-05-15T03:58:17Z">
          <reporter-output>
          </reporter-output>
        </test-method> <!-- initializeTestBaseSetup -->
        <test-method status="PASS" signature="beforeMethod(java.lang.reflect.Method)[pri:0, instance:com.vangaurd.tests.FundCompareTests@7791a895]" name="beforeMethod" is-config="true" duration-ms="127" started-at="2019-05-15T03:58:18Z" finished-at="2019-05-15T03:58:18Z">
          <params>
            <param index="0">
              <value>
                <![CDATA[public void com.vangaurd.tests.FundCompareTests.verifyFundComparisonRetailProducts(java.lang.String,java.lang.String,java.lang.String,java.lang.String,java.lang.String,java.lang.String,java.lang.String,java.lang.String,java.lang.String,java.lang.String,java.lang.String,java.lang.String) throws java.lang.InterruptedException,java.io.IOException]]>
              </value>
            </param>
          </params>
          <reporter-output>
          </reporter-output>
        </test-method> <!-- beforeMethod -->
        <test-method status="PASS" signature="beforeMethod()[pri:0, instance:com.vangaurd.tests.FundCompareTests@7791a895]" name="beforeMethod" is-config="true" duration-ms="4416" started-at="2019-05-15T03:58:18Z" finished-at="2019-05-15T03:58:22Z">
          <reporter-output>
          </reporter-output>
        </test-method> <!-- beforeMethod -->
        <test-method status="FAIL" signature="verifyFundComparisonRetailProducts(java.lang.String, java.lang.String, java.lang.String, java.lang.String, java.lang.String, java.lang.String, java.lang.String, java.lang.String, java.lang.String, java.lang.String, java.lang.String, java.lang.String)[pri:0, instance:com.vangaurd.tests.FundCompareTests@7791a895]" name="verifyFundComparisonRetailProducts" duration-ms="34930" started-at="2019-05-15T03:58:22Z" data-provider="default" finished-at="2019-05-15T03:58:57Z">
          <params>
            <param index="0">
              <value>
                <![CDATA[https://www.vanguardinvestments.com.au/au/portal/homepage.jsp]]>
              </value>
            </param>
            <param index="1">
              <value>
                <![CDATA[Individual & SMSF investors]]>
              </value>
            </param>
            <param index="2">
              <value>
                <![CDATA[Fund compare]]>
              </value>
            </param>
            <param index="3">
              <value>
                <![CDATA[Vanguard High Yield Australian Shares Fund]]>
              </value>
            </param>
            <param index="4">
              <value>
                <![CDATA[Vanguard Index Australian Property Securities Fund]]>
              </value>
            </param>
            <param index="5">
              <value>
                <![CDATA[Vanguard Index Australian Shares Fund]]>
              </value>
            </param>
            <param index="6">
              <value>
                <![CDATA[Vanguard Index Diversified Bond Fund]]>
              </value>
            </param>
            <param index="7">
              <value>
                <![CDATA[Identifier]]>
              </value>
            </param>
            <param index="8">
              <value>
                <![CDATA[VAN0017AU]]>
              </value>
            </param>
            <param index="9">
              <value>
                <![CDATA[xxxxxxxxxxx]]>
              </value>
            </param>
            <param index="10">
              <value>
                <![CDATA[VAN0010AU]]>
              </value>
            </param>
            <param index="11">
              <value>
                <![CDATA[VAN0101AU]]>
              </value>
            </param>
          </params>
          <exception class="java.lang.AssertionError">
            <message>
              <![CDATA[expected [false] but found [true]]]>
            </message>
            <full-stacktrace>
              <![CDATA[java.lang.AssertionError: expected [false] but found [true]
	at org.testng.Assert.fail(Assert.java:93)
	at org.testng.Assert.failNotEquals(Assert.java:512)
	at org.testng.Assert.assertEqualsImpl(Assert.java:134)
	at org.testng.Assert.assertEquals(Assert.java:115)
	at org.testng.Assert.assertEquals(Assert.java:304)
	at org.testng.Assert.assertEquals(Assert.java:314)
	at com.basic.uiframework.HybridDriver.infoToReportWithBoolean(HybridDriver.java:360)
	at com.vangaurd.tests.FundCompareTests.verifyFundComparisonRetailProducts(FundCompareTests.java:159)
	at sun.reflect.NativeMethodAccessorImpl.invoke0(Native Method)
	at sun.reflect.NativeMethodAccessorImpl.invoke(NativeMethodAccessorImpl.java:62)
	at sun.reflect.DelegatingMethodAccessorImpl.invoke(DelegatingMethodAccessorImpl.java:43)
	at java.lang.reflect.Method.invoke(Method.java:498)
	at org.testng.internal.MethodInvocationHelper.invokeMethod(MethodInvocationHelper.java:108)
	at org.testng.internal.Invoker.invokeMethod(Invoker.java:661)
	at org.testng.internal.Invoker.invokeTestMethod(Invoker.java:869)
	at org.testng.internal.Invoker.invokeTestMethods(Invoker.java:1193)
	at org.testng.internal.TestMethodWorker.invokeTestMethods(TestMethodWorker.java:126)
	at org.testng.internal.TestMethodWorker.run(TestMethodWorker.java:109)
	at org.testng.TestRunner.privateRun(TestRunner.java:744)
	at org.testng.TestRunner.run(TestRunner.java:602)
	at org.testng.SuiteRunner.runTest(SuiteRunner.java:380)
	at org.testng.SuiteRunner.runSequentially(SuiteRunner.java:375)
	at org.testng.SuiteRunner.privateRun(SuiteRunner.java:340)
	at org.testng.SuiteRunner.run(SuiteRunner.java:289)
	at org.testng.SuiteRunnerWorker.runSuite(SuiteRunnerWorker.java:52)
	at org.testng.SuiteRunnerWorker.run(SuiteRunnerWorker.java:86)
	at org.testng.TestNG.runSuitesSequentially(TestNG.java:1301)
	at org.testng.TestNG.runSuitesLocally(TestNG.java:1226)
	at org.testng.TestNG.runSuites(TestNG.java:1144)
	at org.testng.TestNG.run(TestNG.java:1115)
	at org.testng.remote.AbstractRemoteTestNG.run(AbstractRemoteTestNG.java:132)
	at org.testng.remote.RemoteTestNG.initAndRun(RemoteTestNG.java:230)
	at org.testng.remote.RemoteTestNG.main(RemoteTestNG.java:76)
]]>
            </full-stacktrace>
          </exception> <!-- java.lang.AssertionError -->
          <reporter-output>
          </reporter-output>
        </test-method> <!-- verifyFundComparisonRetailProducts -->
        <test-method status="PASS" signature="afterMethod()[pri:0, instance:com.vangaurd.tests.FundCompareTests@7791a895]" name="afterMethod" is-config="true" duration-ms="974" started-at="2019-05-15T03:58:57Z" finished-at="2019-05-15T03:58:58Z">
          <reporter-output>
          </reporter-output>
        </test-method> <!-- afterMethod -->
        <test-method status="PASS" signature="afterMethod(org.testng.ITestResult)[pri:0, instance:com.vangaurd.tests.FundCompareTests@7791a895]" name="afterMethod" is-config="true" duration-ms="315" started-at="2019-05-15T03:58:58Z" finished-at="2019-05-15T03:58:58Z">
          <params>
            <param index="0">
              <value>
                <![CDATA[[TestResult name=verifyFundComparisonRetailProducts status=FAILURE method=FundCompareTests.verifyFundComparisonRetailProducts(java.lang.String, java.lang.String, java.lang.String, java.lang.String, java.lang.String, java.lang.String, java.lang.String, java.lang.String, java.lang.String, java.lang.String, java.lang.String, java.lang.String)[pri:0, instance:com.vangaurd.tests.FundCompareTests@7791a895] output={null}]]]>
              </value>
            </param>
          </params>
          <reporter-output>
          </reporter-output>
        </test-method> <!-- afterMethod -->
        <test-method status="PASS" signature="beforeMethod()[pri:0, instance:com.vangaurd.tests.FundCompareTests@7791a895]" name="beforeMethod" is-config="true" duration-ms="3650" started-at="2019-05-15T03:58:58Z" finished-at="2019-05-15T03:59:02Z">
          <reporter-output>
          </reporter-output>
        </test-method> <!-- beforeMethod -->
        <test-method status="PASS" signature="beforeMethod(java.lang.reflect.Method)[pri:0, instance:com.vangaurd.tests.FundCompareTests@7791a895]" name="beforeMethod" is-config="true" duration-ms="0" started-at="2019-05-15T03:58:58Z" finished-at="2019-05-15T03:58:58Z">
          <params>
            <param index="0">
              <value>
                <![CDATA[public void com.vangaurd.tests.FundCompareTests.verifyFundComparisonRetailProducts(java.lang.String,java.lang.String,java.lang.String,java.lang.String,java.lang.String,java.lang.String,java.lang.String,java.lang.String,java.lang.String,java.lang.String,java.lang.String,java.lang.String) throws java.lang.InterruptedException,java.io.IOException]]>
              </value>
            </param>
          </params>
          <reporter-output>
          </reporter-output>
        </test-method> <!-- beforeMethod -->
        <test-method status="PASS" signature="verifyFundComparisonRetailProducts(java.lang.String, java.lang.String, java.lang.String, java.lang.String, java.lang.String, java.lang.String, java.lang.String, java.lang.String, java.lang.String, java.lang.String, java.lang.String, java.lang.String)[pri:0, instance:com.vangaurd.tests.FundCompareTests@7791a895]" name="verifyFundComparisonRetailProducts" duration-ms="27365" started-at="2019-05-15T03:59:02Z" data-provider="default" finished-at="2019-05-15T03:59:29Z">
          <params>
            <param index="0">
              <value>
                <![CDATA[https://www.vanguardinvestments.com.au/au/portal/homepage.jsp]]>
              </value>
            </param>
            <param index="1">
              <value>
                <![CDATA[Individual & SMSF investors]]>
              </value>
            </param>
            <param index="2">
              <value>
                <![CDATA[Fund compare]]>
              </value>
            </param>
            <param index="3">
              <value>
                <![CDATA[Vanguard High Yield Australian Shares Fund]]>
              </value>
            </param>
            <param index="4">
              <value>
                <![CDATA[Vanguard Index Australian Property Securities Fund]]>
              </value>
            </param>
            <param index="5">
              <value>
                <![CDATA[Vanguard Index Australian Shares Fund]]>
              </value>
            </param>
            <param index="6">
              <value>
                <![CDATA[Vanguard Index Diversified Bond Fund]]>
              </value>
            </param>
            <param index="7">
              <value>
                <![CDATA[Identifier]]>
              </value>
            </param>
            <param index="8">
              <value>
                <![CDATA[VAN0017AU]]>
              </value>
            </param>
            <param index="9">
              <value>
                <![CDATA[VAN0012AU]]>
              </value>
            </param>
            <param index="10">
              <value>
                <![CDATA[VAN0010AU]]>
              </value>
            </param>
            <param index="11">
              <value>
                <![CDATA[VAN0101AU]]>
              </value>
            </param>
          </params>
          <reporter-output>
          </reporter-output>
        </test-method> <!-- verifyFundComparisonRetailProducts -->
        <test-method status="PASS" signature="afterMethod()[pri:0, instance:com.vangaurd.tests.FundCompareTests@7791a895]" name="afterMethod" is-config="true" duration-ms="900" started-at="2019-05-15T03:59:29Z" finished-at="2019-05-15T03:59:30Z">
          <reporter-output>
          </reporter-output>
        </test-method> <!-- afterMethod -->
        <test-method status="PASS" signature="afterMethod(org.testng.ITestResult)[pri:0, instance:com.vangaurd.tests.FundCompareTests@7791a895]" name="afterMethod" is-config="true" duration-ms="99" started-at="2019-05-15T03:59:30Z" finished-at="2019-05-15T03:59:30Z">
          <params>
            <param index="0">
              <value>
                <![CDATA[[TestResult name=verifyFundComparisonRetailProducts status=SUCCESS method=FundCompareTests.verifyFundComparisonRetailProducts(java.lang.String, java.lang.String, java.lang.String, java.lang.String, java.lang.String, java.lang.String, java.lang.String, java.lang.String, java.lang.String, java.lang.String, java.lang.String, java.lang.String)[pri:0, instance:com.vangaurd.tests.FundCompareTests@7791a895] output={null}]]]>
              </value>
            </param>
          </params>
          <reporter-output>
          </reporter-output>
        </test-method> <!-- afterMethod -->
        <test-method status="PASS" signature="beforeMethod(java.lang.reflect.Method)[pri:0, instance:com.vangaurd.tests.FundCompareTests@7791a895]" name="beforeMethod" is-config="true" duration-ms="1" started-at="2019-05-15T03:59:30Z" finished-at="2019-05-15T03:59:30Z">
          <params>
            <param index="0">
              <value>
                <![CDATA[public void com.vangaurd.tests.FundCompareTests.verifyFundComparisonRetailProducts(java.lang.String,java.lang.String,java.lang.String,java.lang.String,java.lang.String,java.lang.String,java.lang.String,java.lang.String,java.lang.String,java.lang.String,java.lang.String,java.lang.String) throws java.lang.InterruptedException,java.io.IOException]]>
              </value>
            </param>
          </params>
          <reporter-output>
          </reporter-output>
        </test-method> <!-- beforeMethod -->
        <test-method status="PASS" signature="beforeMethod()[pri:0, instance:com.vangaurd.tests.FundCompareTests@7791a895]" name="beforeMethod" is-config="true" duration-ms="3628" started-at="2019-05-15T03:59:30Z" finished-at="2019-05-15T03:59:34Z">
          <reporter-output>
          </reporter-output>
        </test-method> <!-- beforeMethod -->
        <test-method status="PASS" signature="verifyFundComparisonRetailProducts(java.lang.String, java.lang.String, java.lang.String, java.lang.String, java.lang.String, java.lang.String, java.lang.String, java.lang.String, java.lang.String, java.lang.String, java.lang.String, java.lang.String)[pri:0, instance:com.vangaurd.tests.FundCompareTests@7791a895]" name="verifyFundComparisonRetailProducts" duration-ms="28048" started-at="2019-05-15T03:59:34Z" data-provider="default" finished-at="2019-05-15T04:00:02Z">
          <params>
            <param index="0">
              <value>
                <![CDATA[https://www.vanguardinvestments.com.au/au/portal/homepage.jsp]]>
              </value>
            </param>
            <param index="1">
              <value>
                <![CDATA[Individual & SMSF investors]]>
              </value>
            </param>
            <param index="2">
              <value>
                <![CDATA[Fund compare]]>
              </value>
            </param>
            <param index="3">
              <value>
                <![CDATA[Vanguard High Yield Australian Shares Fund]]>
              </value>
            </param>
            <param index="4">
              <value>
                <![CDATA[Vanguard Index Australian Property Securities Fund]]>
              </value>
            </param>
            <param index="5">
              <value>
                <![CDATA[Vanguard Index Australian Shares Fund]]>
              </value>
            </param>
            <param index="6">
              <value>
                <![CDATA[Vanguard Index Diversified Bond Fund]]>
              </value>
            </param>
            <param index="7">
              <value>
                <![CDATA[ISIN]]>
              </value>
            </param>
            <param index="8">
              <value>
                <![CDATA[AU60VAN00170]]>
              </value>
            </param>
            <param index="9">
              <value>
                <![CDATA[AU60VAN00121]]>
              </value>
            </param>
            <param index="10">
              <value>
                <![CDATA[AU60VAN00105]]>
              </value>
            </param>
            <param index="11">
              <value>
                <![CDATA[AU60VAN01012]]>
              </value>
            </param>
          </params>
          <reporter-output>
          </reporter-output>
        </test-method> <!-- verifyFundComparisonRetailProducts -->
        <test-method status="PASS" signature="afterMethod()[pri:0, instance:com.vangaurd.tests.FundCompareTests@7791a895]" name="afterMethod" is-config="true" duration-ms="885" started-at="2019-05-15T04:00:02Z" finished-at="2019-05-15T04:00:03Z">
          <reporter-output>
          </reporter-output>
        </test-method> <!-- afterMethod -->
        <test-method status="PASS" signature="afterMethod(org.testng.ITestResult)[pri:0, instance:com.vangaurd.tests.FundCompareTests@7791a895]" name="afterMethod" is-config="true" duration-ms="89" started-at="2019-05-15T04:00:03Z" finished-at="2019-05-15T04:00:03Z">
          <params>
            <param index="0">
              <value>
                <![CDATA[[TestResult name=verifyFundComparisonRetailProducts status=SUCCESS method=FundCompareTests.verifyFundComparisonRetailProducts(java.lang.String, java.lang.String, java.lang.String, java.lang.String, java.lang.String, java.lang.String, java.lang.String, java.lang.String, java.lang.String, java.lang.String, java.lang.String, java.lang.String)[pri:0, instance:com.vangaurd.tests.FundCompareTests@7791a895] output={null}]]]>
              </value>
            </param>
          </params>
          <reporter-output>
          </reporter-output>
        </test-method> <!-- afterMethod -->
        <test-method status="PASS" signature="tearDown()[pri:0, instance:com.vangaurd.tests.FundCompareTests@7791a895]" name="tearDown" is-config="true" duration-ms="81" started-at="2019-05-15T04:00:03Z" finished-at="2019-05-15T04:00:03Z">
          <reporter-output>
          </reporter-output>
        </test-method> <!-- tearDown -->
      </class> <!-- com.vangaurd.tests.FundCompareTests -->
    </test> <!-- Test -->
  </suite> <!-- Suite -->
</testng-results>
